This is pdfTeX, Version 3.14159265-2.6-1.40.19 (MiKTeX 2.9.6800 64-bit) (preloaded format=pdflatex 2018.9.12)  1 NOV 2019 19:38
entering extended mode
**"d:/Aalto Course Docs/ELEC-E8125 - Reinforcement learning/Exercises/Ex4/solution/ex4_solution.tex"
("d:/Aalto Course Docs/ELEC-E8125 - Reinforcement learning/Exercises/Ex4/solution/ex4_solution.tex"
LaTeX2e <2018-04-01> patch level 5
("C:\Users\Ananth Mahadevan\AppData\Local\Programs\MiKTeX 2.9\tex\latex\base\article.cls"
Document Class: article 2014/09/29 v1.4h Standard LaTeX document class
("C:\Users\Ananth Mahadevan\AppData\Local\Programs\MiKTeX 2.9\tex\latex\base\size10.clo"
File: size10.clo 2014/09/29 v1.4h Standard LaTeX file (size option)
)
\c@part=\count80
\c@section=\count81
\c@subsection=\count82
\c@subsubsection=\count83
\c@paragraph=\count84
\c@subparagraph=\count85
\c@figure=\count86
\c@table=\count87
\abovecaptionskip=\skip41
\belowcaptionskip=\skip42
\bibindent=\dimen102
) ("C:\Users\Ananth Mahadevan\AppData\Local\Programs\MiKTeX 2.9\tex\latex\minted\minted.sty"
Package: minted 2017/07/19 v2.5 Yet another Pygments shim for LaTeX
 ("C:\Users\Ananth Mahadevan\AppData\Local\Programs\MiKTeX 2.9\tex\latex\graphics\keyval.sty"
Package: keyval 2014/10/28 v1.15 key=value parser (DPC)
\KV@toks@=\toks14
) ("C:\Users\Ananth Mahadevan\AppData\Local\Programs\MiKTeX 2.9\tex\latex\oberdiek\kvoptions.sty"
Package: kvoptions 2016/05/16 v3.12 Key value format for package options (HO)
 ("C:\Users\Ananth Mahadevan\AppData\Local\Programs\MiKTeX 2.9\tex\generic\oberdiek\ltxcmds.sty"
Package: ltxcmds 2016/05/16 v1.23 LaTeX kernel commands for general use (HO)
) ("C:\Users\Ananth Mahadevan\AppData\Local\Programs\MiKTeX 2.9\tex\generic\oberdiek\kvsetkeys.sty"
Package: kvsetkeys 2016/05/16 v1.17 Key value parser (HO)
 ("C:\Users\Ananth Mahadevan\AppData\Local\Programs\MiKTeX 2.9\tex\generic\oberdiek\infwarerr.sty"
Package: infwarerr 2016/05/16 v1.4 Providing info/warning/error messages (HO)
) ("C:\Users\Ananth Mahadevan\AppData\Local\Programs\MiKTeX 2.9\tex\generic\oberdiek\etexcmds.sty"
Package: etexcmds 2016/05/16 v1.6 Avoid name clashes with e-TeX commands (HO)
 ("C:\Users\Ananth Mahadevan\AppData\Local\Programs\MiKTeX 2.9\tex\generic\oberdiek\ifluatex.sty"
Package: ifluatex 2016/05/16 v1.4 Provides the ifluatex switch (HO)
Package ifluatex Info: LuaTeX not detected.
)
Package etexcmds Info: Could not find \expanded.
(etexcmds)             That can mean that you are not using pdfTeX 1.50 or
(etexcmds)             that some package has redefined \expanded.
(etexcmds)             In the latter case, load this package earlier.
))) ("C:\Users\Ananth Mahadevan\AppData\Local\Programs\MiKTeX 2.9\tex\latex\fvextra\fvextra.sty"
Package: fvextra 2017/07/08 v1.3.1 fvextra - extensions and patches for fancyvrb
 ("C:\Users\Ananth Mahadevan\AppData\Local\Programs\MiKTeX 2.9\tex\latex\base\ifthen.sty"
Package: ifthen 2014/09/29 v1.1c Standard LaTeX ifthen package (DPC)
) ("C:\Users\Ananth Mahadevan\AppData\Local\Programs\MiKTeX 2.9\tex\latex\etoolbox\etoolbox.sty"
Package: etoolbox 2018/08/19 v2.5f e-TeX tools for LaTeX (JAW)
\etb@tempcnta=\count88
) ("C:\Users\Ananth Mahadevan\AppData\Local\Programs\MiKTeX 2.9\tex\latex\fancyvrb\fancyvrb.sty"
Package: fancyvrb 2008/02/07
 Style option: `fancyvrb' v2.7a, with DG/SPQR fixes, and firstline=lastline fix <2008/02/07> (tvz)
\FV@CodeLineNo=\count89
\FV@InFile=\read1
\FV@TabBox=\box26
\c@FancyVerbLine=\count90
\FV@StepNumber=\count91
\FV@OutFile=\write3
) ("C:\Users\Ananth Mahadevan\AppData\Local\Programs\MiKTeX 2.9\tex\latex\upquote\upquote.sty"
Package: upquote 2012/04/19 v1.3 upright-quote and grave-accent glyphs in verbatim
) ("C:\Users\Ananth Mahadevan\AppData\Local\Programs\MiKTeX 2.9\tex\latex\lineno\lineno.sty"
Package: lineno 2005/11/02 line numbers on paragraphs v4.41
\linenopenalty=\count92
\output=\toks15
\linenoprevgraf=\count93
\linenumbersep=\dimen103
\linenumberwidth=\dimen104
\c@linenumber=\count94
\c@pagewiselinenumber=\count95
\c@LN@truepage=\count96
\c@internallinenumber=\count97
\c@internallinenumbers=\count98
\quotelinenumbersep=\dimen105
\bframerule=\dimen106
\bframesep=\dimen107
\bframebox=\box27
LaTeX Info: Redefining \\ on input line 3056.
)
\c@FV@TrueTabGroupLevel=\count99
\c@FV@TrueTabCounter=\count100
\FV@TabBox@Group=\box28
\FV@TmpLength=\skip43
\c@FV@HighlightLinesStart=\count101
\c@FV@HighlightLinesStop=\count102
\FV@LoopCount=\count103
\FV@NCharsBox=\box29
\FV@BreakIndent=\dimen108
\FV@BreakIndentNChars=\count104
\FV@BreakSymbolSepLeft=\dimen109
\FV@BreakSymbolSepLeftNChars=\count105
\FV@BreakSymbolSepRight=\dimen110
\FV@BreakSymbolSepRightNChars=\count106
\FV@BreakSymbolIndentLeft=\dimen111
\FV@BreakSymbolIndentLeftNChars=\count107
\FV@BreakSymbolIndentRight=\dimen112
\FV@BreakSymbolIndentRightNChars=\count108
\c@FancyVerbLineBreakLast=\count109
\FV@LineBox=\box30
\FV@LineIndentBox=\box31
) ("C:\Users\Ananth Mahadevan\AppData\Local\Programs\MiKTeX 2.9\tex\latex\tools\calc.sty"
Package: calc 2017/05/25 v4.3 Infix arithmetic (KKT,FJ)
\calc@Acount=\count110
\calc@Bcount=\count111
\calc@Adimen=\dimen113
\calc@Bdimen=\dimen114
\calc@Askip=\skip44
\calc@Bskip=\skip45
LaTeX Info: Redefining \setlength on input line 80.
LaTeX Info: Redefining \addtolength on input line 81.
\calc@Ccount=\count112
\calc@Cskip=\skip46
) ("C:\Users\Ananth Mahadevan\AppData\Local\Programs\MiKTeX 2.9\tex\latex\tools\shellesc.sty"
Package: shellesc 2016/06/07 v0.02a unified shell escape interface for LaTeX
Package shellesc Info: Unrestricted shell escape enabled on input line 67.
) ("C:\Users\Ananth Mahadevan\AppData\Local\Programs\MiKTeX 2.9\tex\latex\ifplatform\ifplatform.sty"
Package: ifplatform 2017/10/13 v0.4a Testing for the operating system
 ("C:\Users\Ananth Mahadevan\AppData\Local\Programs\MiKTeX 2.9\tex\generic\oberdiek\pdftexcmds.sty"
Package: pdftexcmds 2018/01/30 v0.27 Utility functions of pdfTeX for LuaTeX (HO)
 ("C:\Users\Ananth Mahadevan\AppData\Local\Programs\MiKTeX 2.9\tex\generic\oberdiek\ifpdf.sty"
Package: ifpdf 2017/03/15 v3.2 Provides the ifpdf switch
)
Package pdftexcmds Info: LuaTeX not detected.
Package pdftexcmds Info: \pdf@primitive is available.
Package pdftexcmds Info: \pdf@ifprimitive is available.
Package pdftexcmds Info: \pdfdraftmode found.
) ("C:\Users\Ananth Mahadevan\AppData\Local\Programs\MiKTeX 2.9\tex\generic\oberdiek\catchfile.sty"
Package: catchfile 2016/05/16 v1.7 Catch the contents of a file (HO)
)) ("C:\Users\Ananth Mahadevan\AppData\Local\Programs\MiKTeX 2.9\tex\latex\xstring\xstring.sty" ("C:\Users\Ananth Mahadevan\AppData\Local\Programs\MiKTeX 2.9\tex\generic\xstring\xstring.tex"
\@xs@message=\write4
\integerpart=\count113
\decimalpart=\count114
)
Package: xstring 2013/10/13  v1.7c  String manipulations (C Tellechea)
) ("C:\Users\Ananth Mahadevan\AppData\Local\Programs\MiKTeX 2.9\tex\latex\framed\framed.sty"
Package: framed 2011/10/22 v 0.96: framed or shaded text with page breaks
\OuterFrameSep=\skip47
\fb@frw=\dimen115
\fb@frh=\dimen116
\FrameRule=\dimen117
\FrameSep=\dimen118
) ("C:\Users\Ananth Mahadevan\AppData\Local\Programs\MiKTeX 2.9\tex\latex\caption\newfloat.sty"
Package: newfloat 2018/03/04 v1.1a Defining new floating environments (AR)
)
\minted@appexistsfile=\read2
\minted@bgbox=\box32
\minted@code=\write5
\c@minted@FancyVerbLineTemp=\count115
\c@minted@pygmentizecounter=\count116
Package newfloat Info: New float `listing' with options `fileext=lol,placement=tbp' on input line 1151.
\c@listing=\count117
\newfloat@ftype=\count118
Package newfloat Info: float type `listing'=8 on input line 1151.
)
runsystem(if not exist _minted-ex4_solution mkdir _minted-ex4_solution)...executed.

 ("C:\Users\Ananth Mahadevan\AppData\Local\Programs\MiKTeX 2.9\tex\latex\graphics\graphicx.sty"
Package: graphicx 2017/06/01 v1.1a Enhanced LaTeX Graphics (DPC,SPQR)
 ("C:\Users\Ananth Mahadevan\AppData\Local\Programs\MiKTeX 2.9\tex\latex\graphics\graphics.sty"
Package: graphics 2017/06/25 v1.2c Standard LaTeX Graphics (DPC,SPQR)
 ("C:\Users\Ananth Mahadevan\AppData\Local\Programs\MiKTeX 2.9\tex\latex\graphics\trig.sty"
Package: trig 2016/01/03 v1.10 sin cos tan (DPC)
) ("C:\Users\Ananth Mahadevan\AppData\Local\Programs\MiKTeX 2.9\tex\latex\graphics-cfg\graphics.cfg"
File: graphics.cfg 2016/06/04 v1.11 sample graphics configuration
)
Package graphics Info: Driver file: pdftex.def on input line 99.
 ("C:\Users\Ananth Mahadevan\AppData\Local\Programs\MiKTeX 2.9\tex\latex\graphics-def\pdftex.def"
File: pdftex.def 2018/01/08 v1.0l Graphics/color driver for pdftex
))
\Gin@req@height=\dimen119
\Gin@req@width=\dimen120
) ("C:\Users\Ananth Mahadevan\AppData\Local\Programs\MiKTeX 2.9\tex\latex\caption\caption.sty"
Package: caption 2018/05/01 v3.3-147 Customizing captions (AR)
 ("C:\Users\Ananth Mahadevan\AppData\Local\Programs\MiKTeX 2.9\tex\latex\caption\caption3.sty"
Package: caption3 2018/05/27 v1.8a caption3 kernel (AR)
Package caption3 Info: TeX engine: e-TeX on input line 64.
\captionmargin=\dimen121
\captionmargin@=\dimen122
\captionwidth=\dimen123
\caption@tempdima=\dimen124
\caption@indent=\dimen125
\caption@parindent=\dimen126
\caption@hangindent=\dimen127
)
\c@ContinuedFloat=\count119
) ("C:\Users\Ananth Mahadevan\AppData\Local\Programs\MiKTeX 2.9\tex\latex\amsmath\amsmath.sty"
Package: amsmath 2017/09/02 v2.17a AMS math features
\@mathmargin=\skip48

For additional information on amsmath, use the `?' option.
("C:\Users\Ananth Mahadevan\AppData\Local\Programs\MiKTeX 2.9\tex\latex\amsmath\amstext.sty"
Package: amstext 2000/06/29 v2.01 AMS text
 ("C:\Users\Ananth Mahadevan\AppData\Local\Programs\MiKTeX 2.9\tex\latex\amsmath\amsgen.sty"
File: amsgen.sty 1999/11/30 v2.0 generic functions
\@emptytoks=\toks16
\ex@=\dimen128
)) ("C:\Users\Ananth Mahadevan\AppData\Local\Programs\MiKTeX 2.9\tex\latex\amsmath\amsbsy.sty"
Package: amsbsy 1999/11/29 v1.2d Bold Symbols
\pmbraise@=\dimen129
) ("C:\Users\Ananth Mahadevan\AppData\Local\Programs\MiKTeX 2.9\tex\latex\amsmath\amsopn.sty"
Package: amsopn 2016/03/08 v2.02 operator names
)
\inf@bad=\count120
LaTeX Info: Redefining \frac on input line 213.
\uproot@=\count121
\leftroot@=\count122
LaTeX Info: Redefining \overline on input line 375.
\classnum@=\count123
\DOTSCASE@=\count124
LaTeX Info: Redefining \ldots on input line 472.
LaTeX Info: Redefining \dots on input line 475.
LaTeX Info: Redefining \cdots on input line 596.
\Mathstrutbox@=\box33
\strutbox@=\box34
\big@size=\dimen130
LaTeX Font Info:    Redeclaring font encoding OML on input line 712.
LaTeX Font Info:    Redeclaring font encoding OMS on input line 713.
\macc@depth=\count125
\c@MaxMatrixCols=\count126
\dotsspace@=\muskip10
\c@parentequation=\count127
\dspbrk@lvl=\count128
\tag@help=\toks17
\row@=\count129
\column@=\count130
\maxfields@=\count131
\andhelp@=\toks18
\eqnshift@=\dimen131
\alignsep@=\dimen132
\tagshift@=\dimen133
\tagwidth@=\dimen134
\totwidth@=\dimen135
\lineht@=\dimen136
\@envbody=\toks19
\multlinegap=\skip49
\multlinetaggap=\skip50
\mathdisplay@stack=\toks20
LaTeX Info: Redefining \[ on input line 2817.
LaTeX Info: Redefining \] on input line 2818.
) ("C:\Users\Ananth Mahadevan\AppData\Local\Programs\MiKTeX 2.9\tex\latex\amsfonts\amsfonts.sty"
Package: amsfonts 2013/01/14 v3.01 Basic AMSFonts support
\symAMSa=\mathgroup4
\symAMSb=\mathgroup5
LaTeX Font Info:    Overwriting math alphabet `\mathfrak' in version `bold'
(Font)                  U/euf/m/n --> U/euf/b/n on input line 106.
) ("C:\Users\Ananth Mahadevan\AppData\Local\Programs\MiKTeX 2.9\tex\latex\geometry\geometry.sty"
Package: geometry 2018/04/16 v5.8 Page Geometry
 ("C:\Users\Ananth Mahadevan\AppData\Local\Programs\MiKTeX 2.9\tex\generic\oberdiek\ifvtex.sty"
Package: ifvtex 2016/05/16 v1.6 Detect VTeX and its facilities (HO)
Package ifvtex Info: VTeX not detected.
) ("C:\Users\Ananth Mahadevan\AppData\Local\Programs\MiKTeX 2.9\tex\generic\ifxetex\ifxetex.sty"
Package: ifxetex 2010/09/12 v0.6 Provides ifxetex conditional
)
\Gm@cnth=\count132
\Gm@cntv=\count133
\c@Gm@tempcnt=\count134
\Gm@bindingoffset=\dimen137
\Gm@wd@mp=\dimen138
\Gm@odd@mp=\dimen139
\Gm@even@mp=\dimen140
\Gm@layoutwidth=\dimen141
\Gm@layoutheight=\dimen142
\Gm@layouthoffset=\dimen143
\Gm@layoutvoffset=\dimen144
\Gm@dimlist=\toks21
 ("C:\Users\Ananth Mahadevan\AppData\Local\Programs\MiKTeX 2.9\tex\latex\geometry\geometry.cfg")) ("C:\Users\Ananth Mahadevan\AppData\Local\Programs\MiKTeX 2.9\tex\latex\hyperref\hyperref.sty"
Package: hyperref 2018/02/06 v6.86b Hypertext links for LaTeX
 ("C:\Users\Ananth Mahadevan\AppData\Local\Programs\MiKTeX 2.9\tex\generic\oberdiek\hobsub-hyperref.sty"
Package: hobsub-hyperref 2016/05/16 v1.14 Bundle oberdiek, subset hyperref (HO)
 ("C:\Users\Ananth Mahadevan\AppData\Local\Programs\MiKTeX 2.9\tex\generic\oberdiek\hobsub-generic.sty"
Package: hobsub-generic 2016/05/16 v1.14 Bundle oberdiek, subset generic (HO)
Package: hobsub 2016/05/16 v1.14 Construct package bundles (HO)
Package hobsub Info: Skipping package `infwarerr' (already loaded).
Package hobsub Info: Skipping package `ltxcmds' (already loaded).
Package hobsub Info: Skipping package `ifluatex' (already loaded).
Package hobsub Info: Skipping package `ifvtex' (already loaded).
Package: intcalc 2016/05/16 v1.2 Expandable calculations with integers (HO)
Package hobsub Info: Skipping package `ifpdf' (already loaded).
Package hobsub Info: Skipping package `etexcmds' (already loaded).
Package hobsub Info: Skipping package `kvsetkeys' (already loaded).
Package: kvdefinekeys 2016/05/16 v1.4 Define keys (HO)
Package hobsub Info: Skipping package `pdftexcmds' (already loaded).
Package: pdfescape 2016/05/16 v1.14 Implements pdfTeX's escape features (HO)
Package: bigintcalc 2016/05/16 v1.4 Expandable calculations on big integers (HO)
Package: bitset 2016/05/16 v1.2 Handle bit-vector datatype (HO)
Package: uniquecounter 2016/05/16 v1.3 Provide unlimited unique counter (HO)
)
Package hobsub Info: Skipping package `hobsub' (already loaded).
Package: letltxmacro 2016/05/16 v1.5 Let assignment for LaTeX macros (HO)
Package: hopatch 2016/05/16 v1.3 Wrapper for package hooks (HO)
Package: xcolor-patch 2016/05/16 xcolor patch
Package: atveryend 2016/05/16 v1.9 Hooks at the very end of document (HO)
Package: atbegshi 2016/06/09 v1.18 At begin shipout hook (HO)
Package: refcount 2016/05/16 v3.5 Data extraction from label references (HO)
Package: hycolor 2016/05/16 v1.8 Color options for hyperref/bookmark (HO)
) ("C:\Users\Ananth Mahadevan\AppData\Local\Programs\MiKTeX 2.9\tex\latex\oberdiek\auxhook.sty"
Package: auxhook 2016/05/16 v1.4 Hooks for auxiliary files (HO)
)
\@linkdim=\dimen145
\Hy@linkcounter=\count135
\Hy@pagecounter=\count136
 ("C:\Users\Ananth Mahadevan\AppData\Local\Programs\MiKTeX 2.9\tex\latex\hyperref\pd1enc.def"
File: pd1enc.def 2018/02/06 v6.86b Hyperref: PDFDocEncoding definition (HO)
Now handling font encoding PD1 ...
... no UTF-8 mapping file for font encoding PD1
)
\Hy@SavedSpaceFactor=\count137
 ("C:\Users\Ananth Mahadevan\AppData\Local\Programs\MiKTeX 2.9\tex\latex\00miktex\hyperref.cfg"
File: hyperref.cfg 2002/06/06 v1.2 hyperref configuration of TeXLive
)
Package hyperref Info: Option `colorlinks' set `true' on input line 4383.
Package hyperref Info: Hyper figures OFF on input line 4509.
Package hyperref Info: Link nesting OFF on input line 4514.
Package hyperref Info: Hyper index ON on input line 4517.
Package hyperref Info: Plain pages OFF on input line 4524.
Package hyperref Info: Backreferencing OFF on input line 4529.
Package hyperref Info: Implicit mode ON; LaTeX internals redefined.
Package hyperref Info: Bookmarks ON on input line 4762.
\c@Hy@tempcnt=\count138
 ("C:\Users\Ananth Mahadevan\AppData\Local\Programs\MiKTeX 2.9\tex\latex\url\url.sty"
\Urlmuskip=\muskip11
Package: url 2013/09/16  ver 3.4  Verb mode for urls, etc.
)
LaTeX Info: Redefining \url on input line 5115.
\XeTeXLinkMargin=\dimen146
\Fld@menulength=\count139
\Field@Width=\dimen147
\Fld@charsize=\dimen148
Package hyperref Info: Hyper figures OFF on input line 6369.
Package hyperref Info: Link nesting OFF on input line 6374.
Package hyperref Info: Hyper index ON on input line 6377.
Package hyperref Info: backreferencing OFF on input line 6384.
Package hyperref Info: Link coloring ON on input line 6387.
Package hyperref Info: Link coloring with OCG OFF on input line 6394.
Package hyperref Info: PDF/A mode OFF on input line 6399.
LaTeX Info: Redefining \ref on input line 6439.
LaTeX Info: Redefining \pageref on input line 6443.
\Hy@abspage=\count140
\c@Item=\count141
\c@Hfootnote=\count142
)
Package hyperref Info: Driver (autodetected): hpdftex.
 ("C:\Users\Ananth Mahadevan\AppData\Local\Programs\MiKTeX 2.9\tex\latex\hyperref\hpdftex.def"
File: hpdftex.def 2018/02/06 v6.86b Hyperref driver for pdfTeX
\Fld@listcount=\count143
\c@bookmark@seq@number=\count144
 ("C:\Users\Ananth Mahadevan\AppData\Local\Programs\MiKTeX 2.9\tex\latex\oberdiek\rerunfilecheck.sty"
Package: rerunfilecheck 2016/05/16 v1.8 Rerun checks for auxiliary files (HO)
Package uniquecounter Info: New unique counter `rerunfilecheck' on input line 282.
)
\Hy@SectionHShift=\skip51
) ("C:\Users\Ananth Mahadevan\AppData\Local\Programs\MiKTeX 2.9\tex\latex\caption\subcaption.sty"
Package: subcaption 2018/05/01 v1.1-162 Sub-captions (AR)
\c@subfigure=\count145
\c@subtable=\count146
\c@sublisting=\count147
) ("C:\Users\Ananth Mahadevan\AppData\Local\Programs\MiKTeX 2.9\tex\latex\xcolor\xcolor.sty"
Package: xcolor 2016/05/11 v2.12 LaTeX color extensions (UK)
 ("C:\Users\Ananth Mahadevan\AppData\Local\Programs\MiKTeX 2.9\tex\latex\graphics-cfg\color.cfg"
File: color.cfg 2016/01/02 v1.6 sample color configuration
)
Package xcolor Info: Driver file: pdftex.def on input line 225.
Package xcolor Info: Model `cmy' substituted by `cmy0' on input line 1348.
Package xcolor Info: Model `hsb' substituted by `rgb' on input line 1352.
Package xcolor Info: Model `RGB' extended on input line 1364.
Package xcolor Info: Model `HTML' substituted by `rgb' on input line 1366.
Package xcolor Info: Model `Hsb' substituted by `hsb' on input line 1367.
Package xcolor Info: Model `tHsb' substituted by `hsb' on input line 1368.
Package xcolor Info: Model `HSB' substituted by `hsb' on input line 1369.
Package xcolor Info: Model `Gray' substituted by `gray' on input line 1370.
Package xcolor Info: Model `wave' substituted by `hsb' on input line 1371.
)
runsystem(for ^%i in (pygmentize.exe pygmentize.bat pygmentize.cmd) do set > ex4_solution.aex <nul: /p x=^%~$PATH:i>> ex4_solution.aex)...executed.

runsystem(del ex4_solution.aex)...executed.

 ("d:/Aalto Course Docs\ELEC-E8125 - Reinforcement learning\Exercises\Ex4\solution\ex4_solution.aux")
\openout1 = `ex4_solution.aux'.

LaTeX Font Info:    Checking defaults for OML/cmm/m/it on input line 15.
LaTeX Font Info:    ... okay on input line 15.
LaTeX Font Info:    Checking defaults for T1/cmr/m/n on input line 15.
LaTeX Font Info:    ... okay on input line 15.
LaTeX Font Info:    Checking defaults for OT1/cmr/m/n on input line 15.
LaTeX Font Info:    ... okay on input line 15.
LaTeX Font Info:    Checking defaults for OMS/cmsy/m/n on input line 15.
LaTeX Font Info:    ... okay on input line 15.
LaTeX Font Info:    Checking defaults for OMX/cmex/m/n on input line 15.
LaTeX Font Info:    ... okay on input line 15.
LaTeX Font Info:    Checking defaults for U/cmr/m/n on input line 15.
LaTeX Font Info:    ... okay on input line 15.
LaTeX Font Info:    Checking defaults for PD1/pdf/m/n on input line 15.
LaTeX Font Info:    ... okay on input line 15.
 ("C:\Users\Ananth Mahadevan\AppData\Local\Programs\MiKTeX 2.9\tex\context\base\supp-pdf.mkii"
[Loading MPS to PDF converter (version 2006.09.02).]
\scratchcounter=\count148
\scratchdimen=\dimen149
\scratchbox=\box35
\nofMPsegments=\count149
\nofMParguments=\count150
\everyMPshowfont=\toks22
\MPscratchCnt=\count151
\MPscratchDim=\dimen150
\MPnumerator=\count152
\makeMPintoPDFobject=\count153
\everyMPtoPDFconversion=\toks23
) ("C:\Users\Ananth Mahadevan\AppData\Local\Programs\MiKTeX 2.9\tex\latex\oberdiek\epstopdf-base.sty"
Package: epstopdf-base 2016/05/15 v2.6 Base part for package epstopdf
 ("C:\Users\Ananth Mahadevan\AppData\Local\Programs\MiKTeX 2.9\tex\latex\oberdiek\grfext.sty"
Package: grfext 2016/05/16 v1.2 Manage graphics extensions (HO)
)
Package epstopdf-base Info: Redefining graphics rule for `.eps' on input line 438.
Package grfext Info: Graphics extension search list:
(grfext)             [.pdf,.png,.jpg,.mps,.jpeg,.jbig2,.jb2,.PDF,.PNG,.JPG,.JPEG,.JBIG2,.JB2,.eps]
(grfext)             \AppendGraphicsExtensions on input line 456.
)
Package caption Info: Begin \AtBeginDocument code.
Package caption Info: hyperref package is loaded.
Package caption Info: End \AtBeginDocument code.

*geometry* driver: auto-detecting
*geometry* detected driver: pdftex
*geometry* verbose mode - [ preamble ] result:
* driver: pdftex
* paper: a4paper
* layout: <same size as paper>
* layoutoffset:(h,v)=(0.0pt,0.0pt)
* modes: 
* h-part:(L,W,R)=(85.35826pt, 455.24411pt, 56.9055pt)
* v-part:(T,H,B)=(71.13188pt, 702.78308pt, 71.13188pt)
* \paperwidth=597.50787pt
* \paperheight=845.04684pt
* \textwidth=455.24411pt
* \textheight=702.78308pt
* \oddsidemargin=13.08827pt
* \evensidemargin=13.08827pt
* \topmargin=-38.1381pt
* \headheight=12.0pt
* \headsep=25.0pt
* \topskip=10.0pt
* \footskip=30.0pt
* \marginparwidth=57.0pt
* \marginparsep=11.0pt
* \columnsep=10.0pt
* \skip\footins=9.0pt plus 4.0pt minus 2.0pt
* \hoffset=0.0pt
* \voffset=0.0pt
* \mag=1000
* \@twocolumnfalse
* \@twosidefalse
* \@mparswitchfalse
* \@reversemarginfalse
* (1in=72.27pt=25.4mm, 1cm=28.453pt)

\AtBeginShipoutBox=\box36
Package hyperref Info: Link coloring ON on input line 15.
("C:\Users\Ananth Mahadevan\AppData\Local\Programs\MiKTeX 2.9\tex\latex\hyperref\nameref.sty"
Package: nameref 2016/05/21 v2.44 Cross-referencing by name of section
 ("C:\Users\Ananth Mahadevan\AppData\Local\Programs\MiKTeX 2.9\tex\generic\oberdiek\gettitlestring.sty"
Package: gettitlestring 2016/05/16 v1.5 Cleanup title references (HO)
)
\c@section@level=\count154
)
LaTeX Info: Redefining \ref on input line 15.
LaTeX Info: Redefining \pageref on input line 15.
LaTeX Info: Redefining \nameref on input line 15.
 ("d:/Aalto Course Docs\ELEC-E8125 - Reinforcement learning\Exercises\Ex4\solution\ex4_solution.out") ("d:/Aalto Course Docs\ELEC-E8125 - Reinforcement learning\Exercises\Ex4\solution\ex4_solution.out")
\@outlinefile=\write6
\openout6 = `ex4_solution.out'.

LaTeX Font Info:    Try loading font information for U+msa on input line 17.
 ("C:\Users\Ananth Mahadevan\AppData\Local\Programs\MiKTeX 2.9\tex\latex\amsfonts\umsa.fd"
File: umsa.fd 2013/01/14 v3.01 AMS symbols A
)
LaTeX Font Info:    Try loading font information for U+msb on input line 17.
 ("C:\Users\Ananth Mahadevan\AppData\Local\Programs\MiKTeX 2.9\tex\latex\amsfonts\umsb.fd"
File: umsb.fd 2013/01/14 v3.01 AMS symbols B
) [1

{C:/Users/Ananth Mahadevan/AppData/Local/MiKTeX/2.9/pdftex/config/pdftex.map}]
Package atveryend Info: Empty hook `BeforeClearDocument' on input line 29.
 [2

]
Package atveryend Info: Empty hook `AfterLastShipout' on input line 29.
 ("d:/Aalto Course Docs\ELEC-E8125 - Reinforcement learning\Exercises\Ex4\solution\ex4_solution.aux")
Package atveryend Info: Executing hook `AtVeryEndDocument' on input line 29.
Package atveryend Info: Executing hook `AtEndAfterFileList' on input line 29.
Package rerunfilecheck Info: File `ex4_solution.out' has not changed.
(rerunfilecheck)             Checksum: D41D8CD98F00B204E9800998ECF8427E;0.
 ) 
Here is how much of TeX's memory you used:
 10492 strings out of 492973
 178152 string characters out of 3121817
 322709 words of memory out of 3000000
 14211 multiletter control sequences out of 15000+200000
 9189 words of font info for 35 fonts, out of 3000000 for 9000
 1141 hyphenation exceptions out of 8191
 37i,6n,38p,930b,327s stack positions out of 5000i,500n,10000p,200000b,50000s
<C:/Users/Ananth Mahadevan/AppData/Local/Programs/MiKTeX 2.9/fonts/type1/public/amsfonts/cm/cmbx12.pfb><C:/Users/Ananth Mahadevan/AppData/Local/Programs/MiKTeX 2.9/fonts/type1/public/amsfonts/cm/cmr10.pfb><C:/Users/Ananth Mahadevan/AppData/Local/Programs/MiKTeX 2.9/fonts/type1/public/amsfonts/cm/cmr12.pfb><C:/Users/Ananth Mahadevan/AppData/Local/Programs/MiKTeX 2.9/fonts/type1/public/amsfonts/cm/cmr17.pfb>
Output written on "d:/Aalto Course Docs\ELEC-E8125 - Reinforcement learning\Exercises\Ex4\solution\ex4_solution.pdf" (2 pages, 52432 bytes).
PDF statistics:
 40 PDF objects out of 1000 (max. 8388607)
 10 named destinations out of 1000 (max. 500000)
 1 words of extra memory for PDF output out of 10000 (max. 10000000)

